00:14:23.921 INFO - Launching a standalone Selenium Server
00:14:24.065 INFO - Java: Oracle Corporation 25.131-b11
00:14:24.065 INFO - OS: Windows 10 10.0 amd64
00:14:24.066 INFO - v2.53.1, with Core v2.53.1. Built from revision a36b8b1
00:14:24.144 INFO - Driver class not found: com.opera.core.systems.OperaDriver
00:14:24.144 INFO - Driver provider com.opera.core.systems.OperaDriver is not registered
00:14:24.144 INFO - Driver provider org.openqa.selenium.safari.SafariDriver registration is skipped:
registration capabilities Capabilities [{browserName=safari, version=, platform=MAC}] does not match the current platform WIN10
00:14:24.144 INFO - Driver class not found: org.openqa.selenium.htmlunit.HtmlUnitDriver
00:14:24.144 INFO - Driver provider org.openqa.selenium.htmlunit.HtmlUnitDriver is not registered
00:14:24.362 INFO - RemoteWebDriver instances should connect to: http://127.0.0.1:4444/wd/hub
00:14:24.363 INFO - Selenium Server is up and running
00:14:25.044 INFO - Executing: [new session: Capabilities [{acceptSslCerts=true, marionette=true, name=Meritnation, browserName=chrome, javascriptEnabled=true, platform=ANY}]])
00:14:25.044 INFO - Creating a new session for Capabilities [{acceptSslCerts=true, marionette=true, name=Meritnation, browserName=chrome, javascriptEnabled=true, platform=ANY}]
Starting ChromeDriver 2.29.461591 (62ebf098771772160f391d75e589dc567915b233) on port 11164
Only local connections are allowed.
00:14:27.807 INFO - Done: [new session: Capabilities [{acceptSslCerts=true, marionette=true, name=Meritnation, browserName=chrome, javascriptEnabled=true, platform=ANY}]]
00:14:27.838 INFO - Executing: [maximise window])
00:14:29.009 INFO - Done: [maximise window]
00:14:29.009 INFO - Executing: [get: http://meritnation.com])
00:14:45.891 INFO - Done: [get: http://meritnation.com]
00:14:45.907 INFO - Executing: [find elements: By.xpath: //span[text()="LOGIN"]])
00:14:45.955 INFO - Done: [find elements: By.xpath: //span[text()="LOGIN"]]
00:14:45.979 INFO - Executing: [is displayed: 0 [[ChromeDriver: chrome on XP (df0a48028a94cdffd159f7029124f12d)] -> xpath: //span[text()="LOGIN"]]])
00:14:46.015 INFO - Done: [is displayed: 0 [[ChromeDriver: chrome on XP (df0a48028a94cdffd159f7029124f12d)] -> xpath: //span[text()="LOGIN"]]]
00:14:46.031 INFO - Executing: [find element: By.xpath: //span[text()="LOGIN"]])
00:14:46.062 INFO - Done: [find element: By.xpath: //span[text()="LOGIN"]]
00:14:46.069 INFO - Executing: [click: 0 [[ChromeDriver: chrome on XP (df0a48028a94cdffd159f7029124f12d)] -> xpath: //span[text()="LOGIN"]]])
00:14:46.195 INFO - Done: [click: 0 [[ChromeDriver: chrome on XP (df0a48028a94cdffd159f7029124f12d)] -> xpath: //span[text()="LOGIN"]]]
00:14:46.235 INFO - Executing: [find elements: By.xpath: //span[text()="LOGIN"]])
00:14:46.247 INFO - Done: [find elements: By.xpath: //span[text()="LOGIN"]]
00:14:46.259 INFO - Executing: [is displayed: 0 [[ChromeDriver: chrome on XP (df0a48028a94cdffd159f7029124f12d)] -> xpath: //span[text()="LOGIN"]]])
00:14:46.270 INFO - Done: [is displayed: 0 [[ChromeDriver: chrome on XP (df0a48028a94cdffd159f7029124f12d)] -> xpath: //span[text()="LOGIN"]]]
00:14:46.283 INFO - Executing: [find element: By.xpath: //span[text()="LOGIN"]])
00:14:46.299 INFO - Done: [find element: By.xpath: //span[text()="LOGIN"]]
00:14:46.307 INFO - Executing: [click: 0 [[ChromeDriver: chrome on XP (df0a48028a94cdffd159f7029124f12d)] -> xpath: //span[text()="LOGIN"]]])
00:14:46.843 WARN - Exception thrown
org.openqa.selenium.WebDriverException: unknown error: Element <span class="hidden-xs">...</span> is not clickable at point (1154, 32). Other element would receive the click: <div id="mnRegLoginPopup" class="mnRegLoginPopup  showLoginForm popupPcenter">...</div>
  (Session info: chrome=58.0.3029.96)
  (Driver info: chromedriver=2.29.461591 (62ebf098771772160f391d75e589dc567915b233),platform=Windows NT 10.0.14393 x86_64) (WARNING: The server did not provide any stacktrace information)
Command duration or timeout: 100 milliseconds
Build info: version: '2.53.1', revision: 'a36b8b1', time: '2016-06-30 17:37:03'
System info: host: 'XE-T-DEEPAKS', ip: '192.168.1.3', os.name: 'Windows 10', os.arch: 'amd64', os.version: '10.0', java.version: '1.8.0_131'
Driver info: org.openqa.selenium.chrome.ChromeDriver
Capabilities [{applicationCacheEnabled=false, rotatable=false, mobileEmulationEnabled=false, networkConnectionEnabled=false, chrome={chromedriverVersion=2.29.461591 (62ebf098771772160f391d75e589dc567915b233), userDataDir=C:\Users\dsood\AppData\Local\Temp\scoped_dir4508_18735}, takesHeapSnapshot=true, pageLoadStrategy=normal, databaseEnabled=false, handlesAlerts=true, hasTouchScreen=false, version=58.0.3029.96, platform=XP, browserConnectionEnabled=false, nativeEvents=true, acceptSslCerts=true, locationContextEnabled=true, webStorageEnabled=true, browserName=chrome, takesScreenshot=true, javascriptEnabled=true, cssSelectorsEnabled=true, unexpectedAlertBehaviour=}]
Session ID: df0a48028a94cdffd159f7029124f12d
	at sun.reflect.NativeConstructorAccessorImpl.newInstance0(Native Method)
	at sun.reflect.NativeConstructorAccessorImpl.newInstance(Unknown Source)
	at sun.reflect.DelegatingConstructorAccessorImpl.newInstance(Unknown Source)
	at java.lang.reflect.Constructor.newInstance(Unknown Source)
	at org.openqa.selenium.remote.ErrorHandler.createThrowable(ErrorHandler.java:206)
	at org.openqa.selenium.remote.ErrorHandler.throwIfResponseFailed(ErrorHandler.java:158)
	at org.openqa.selenium.remote.RemoteWebDriver.execute(RemoteWebDriver.java:678)
	at org.openqa.selenium.remote.RemoteWebElement.execute(RemoteWebElement.java:327)
	at org.openqa.selenium.remote.RemoteWebElement.click(RemoteWebElement.java:85)
	at sun.reflect.NativeMethodAccessorImpl.invoke0(Native Method)
	at sun.reflect.NativeMethodAccessorImpl.invoke(Unknown Source)
	at sun.reflect.DelegatingMethodAccessorImpl.invoke(Unknown Source)
	at java.lang.reflect.Method.invoke(Unknown Source)
	at org.openqa.selenium.support.events.EventFiringWebDriver$EventFiringWebElement$1.invoke(EventFiringWebDriver.java:335)
	at com.sun.proxy.$Proxy2.click(Unknown Source)
	at org.openqa.selenium.support.events.EventFiringWebDriver$EventFiringWebElement.click(EventFiringWebDriver.java:348)
	at sun.reflect.NativeMethodAccessorImpl.invoke0(Native Method)
	at sun.reflect.NativeMethodAccessorImpl.invoke(Unknown Source)
	at sun.reflect.DelegatingMethodAccessorImpl.invoke(Unknown Source)
	at java.lang.reflect.Method.invoke(Unknown Source)
	at org.openqa.selenium.remote.server.KnownElements$1.invoke(KnownElements.java:64)
	at com.sun.proxy.$Proxy3.click(Unknown Source)
	at org.openqa.selenium.remote.server.handler.ClickElement.call(ClickElement.java:30)
	at org.openqa.selenium.remote.server.handler.ClickElement.call(ClickElement.java:1)
	at java.util.concurrent.FutureTask.run(Unknown Source)
	at org.openqa.selenium.remote.server.DefaultSession$1.run(DefaultSession.java:176)
	at java.util.concurrent.ThreadPoolExecutor.runWorker(Unknown Source)
	at java.util.concurrent.ThreadPoolExecutor$Worker.run(Unknown Source)
	at java.lang.Thread.run(Unknown Source)
00:14:46.847 WARN - Exception: unknown error: Element <span class="hidden-xs">...</span> is not clickable at point (1154, 32). Other element would receive the click: <div id="mnRegLoginPopup" class="mnRegLoginPopup  showLoginForm popupPcenter">...</div>
  (Session info: chrome=58.0.3029.96)
  (Driver info: chromedriver=2.29.461591 (62ebf098771772160f391d75e589dc567915b233),platform=Windows NT 10.0.14393 x86_64) (WARNING: The server did not provide any stacktrace information)
Command duration or timeout: 100 milliseconds
Build info: version: '2.53.1', revision: 'a36b8b1', time: '2016-06-30 17:37:03'
System info: host: 'XE-T-DEEPAKS', ip: '192.168.1.3', os.name: 'Windows 10', os.arch: 'amd64', os.version: '10.0', java.version: '1.8.0_131'
Driver info: org.openqa.selenium.chrome.ChromeDriver
Capabilities [{applicationCacheEnabled=false, rotatable=false, mobileEmulationEnabled=false, networkConnectionEnabled=false, chrome={chromedriverVersion=2.29.461591 (62ebf098771772160f391d75e589dc567915b233), userDataDir=C:\Users\dsood\AppData\Local\Temp\scoped_dir4508_18735}, takesHeapSnapshot=true, pageLoadStrategy=normal, databaseEnabled=false, handlesAlerts=true, hasTouchScreen=false, version=58.0.3029.96, platform=XP, browserConnectionEnabled=false, nativeEvents=true, acceptSslCerts=true, locationContextEnabled=true, webStorageEnabled=true, browserName=chrome, takesScreenshot=true, javascriptEnabled=true, cssSelectorsEnabled=true, unexpectedAlertBehaviour=}]
Session ID: df0a48028a94cdffd159f7029124f12d
00:14:46.975 INFO - Executing: [find elements: By.xpath: //*[@id="username_login"]])
00:14:47.015 INFO - Done: [find elements: By.xpath: //*[@id="username_login"]]
00:14:47.030 INFO - Executing: [is displayed: 1 [[ChromeDriver: chrome on XP (df0a48028a94cdffd159f7029124f12d)] -> xpath: //*[@id="username_login"]]])
00:14:47.059 INFO - Done: [is displayed: 1 [[ChromeDriver: chrome on XP (df0a48028a94cdffd159f7029124f12d)] -> xpath: //*[@id="username_login"]]]
00:14:47.075 INFO - Executing: [find element: By.xpath: //*[@id="username_login"]])
00:14:47.111 INFO - Done: [find element: By.xpath: //*[@id="username_login"]]
00:14:47.126 INFO - Executing: [send keys: 1 [[ChromeDriver: chrome on XP (df0a48028a94cdffd159f7029124f12d)] -> xpath: //*[@id="username_login"]], [s, u, n, a, i, n, a, @, t, e, s, t, ., c, o, m]])
00:14:47.336 INFO - Done: [send keys: 1 [[ChromeDriver: chrome on XP (df0a48028a94cdffd159f7029124f12d)] -> xpath: //*[@id="username_login"]], [s, u, n, a, i, n, a, @, t, e, s, t, ., c, o, m]]
00:14:47.352 INFO - Executing: [find elements: By.xpath: //*[@id="password_login"]])
00:14:47.396 INFO - Done: [find elements: By.xpath: //*[@id="password_login"]]
00:14:47.408 INFO - Executing: [is displayed: 2 [[ChromeDriver: chrome on XP (df0a48028a94cdffd159f7029124f12d)] -> xpath: //*[@id="password_login"]]])
00:14:47.440 INFO - Done: [is displayed: 2 [[ChromeDriver: chrome on XP (df0a48028a94cdffd159f7029124f12d)] -> xpath: //*[@id="password_login"]]]
00:14:47.452 INFO - Executing: [find element: By.xpath: //*[@id="password_login"]])
00:14:47.480 INFO - Done: [find element: By.xpath: //*[@id="password_login"]]
00:14:47.496 INFO - Executing: [send keys: 2 [[ChromeDriver: chrome on XP (df0a48028a94cdffd159f7029124f12d)] -> xpath: //*[@id="password_login"]], [1, 2, 3, 4, 5, 6, 7, 8]])
00:14:47.717 INFO - Done: [send keys: 2 [[ChromeDriver: chrome on XP (df0a48028a94cdffd159f7029124f12d)] -> xpath: //*[@id="password_login"]], [1, 2, 3, 4, 5, 6, 7, 8]]
00:14:47.731 INFO - Executing: [find elements: By.xpath: //button[contains(@id,"loginB")]])
00:14:47.780 INFO - Done: [find elements: By.xpath: //button[contains(@id,"loginB")]]
00:14:47.791 INFO - Executing: [is displayed: 3 [[ChromeDriver: chrome on XP (df0a48028a94cdffd159f7029124f12d)] -> xpath: //button[contains(@id,"loginB")]]])
00:14:47.820 INFO - Done: [is displayed: 3 [[ChromeDriver: chrome on XP (df0a48028a94cdffd159f7029124f12d)] -> xpath: //button[contains(@id,"loginB")]]]
00:14:47.836 INFO - Executing: [find element: By.xpath: //button[contains(@id,"loginB")]])
00:14:47.864 INFO - Done: [find element: By.xpath: //button[contains(@id,"loginB")]]
00:14:47.872 INFO - Executing: [click: 3 [[ChromeDriver: chrome on XP (df0a48028a94cdffd159f7029124f12d)] -> xpath: //button[contains(@id,"loginB")]]])
00:14:47.960 INFO - Done: [click: 3 [[ChromeDriver: chrome on XP (df0a48028a94cdffd159f7029124f12d)] -> xpath: //button[contains(@id,"loginB")]]]
00:14:47.991 INFO - Executing: [find elements: By.xpath: //p[contains(text(),"What")]])
00:14:48.048 INFO - Done: [find elements: By.xpath: //p[contains(text(),"What")]]
00:14:48.561 INFO - Executing: [find elements: By.xpath: //p[contains(text(),"What")]])
00:14:52.890 INFO - Done: [find elements: By.xpath: //p[contains(text(),"What")]]
00:14:52.899 INFO - Executing: [is displayed: 4 [[ChromeDriver: chrome on XP (df0a48028a94cdffd159f7029124f12d)] -> xpath: //p[contains(text(),"What")]]])
00:14:52.920 INFO - Done: [is displayed: 4 [[ChromeDriver: chrome on XP (df0a48028a94cdffd159f7029124f12d)] -> xpath: //p[contains(text(),"What")]]]
00:14:52.932 INFO - Executing: [find elements: By.xpath: //p[contains(text(),"What")]])
00:14:52.944 INFO - Done: [find elements: By.xpath: //p[contains(text(),"What")]]
